#
# A fatal error has been detected by the Java Runtime Environment:
#
#  Internal Error (safepoint.cpp:318), pid=1626, tid=140214673069824
#  guarantee(PageArmed == 0) failed: invariant
#
# JRE version: Java(TM) SE Runtime Environment (7.0_40-b43) (build 1.7.0_40-b43)
# Java VM: Java HotSpot(TM) 64-Bit Server VM (24.0-b56 mixed mode linux-amd64 compressed oops)
# Failed to write core dump. Core dumps have been disabled. To enable core dumping, try "ulimit -c unlimited" before starting Java again
#
# If you would like to submit a bug report, please visit:
#   http://bugreport.sun.com/bugreport/crash.jsp
#

---------------  T H R E A D  ---------------

Current thread (0x00007f8650069000):  VMThread [stack: 0x00007f8645b7d000,0x00007f8645c7e000] [id=1638]

Stack: [0x00007f8645b7d000,0x00007f8645c7e000],  sp=0x00007f8645c7c6c0,  free space=1021k
Native frames: (J=compiled Java code, j=interpreted, Vv=VM code, C=native code)
V  [libjvm.so+0x99242a]  VMError::report_and_die()+0x2ea
V  [libjvm.so+0x4931d2]  report_vm_error(char const*, int, char const*, char const*)+0x62
V  [libjvm.so+0x8a1d24]  SafepointSynchronize::begin()+0x824
V  [libjvm.so+0x99989f]  VMThread::loop()+0x1bf
V  [libjvm.so+0x999d20]  VMThread::run()+0x70
V  [libjvm.so+0x814a58]  java_start(Thread*)+0x108

VM_Operation (0x00007f8655cea760): ParallelGCFailedAllocation, mode: safepoint, requested by thread 0x00007f865000a000


---------------  P R O C E S S  ---------------

Java Threads: ( => current thread )
  0x00007f86500b7800 JavaThread "hilo n°91" [_thread_in_Java, id=1718, stack(0x00007f8644389000,0x00007f864448a000)]
  0x00007f86500b5800 JavaThread "hilo n°81" [_thread_in_Java, id=1717, stack(0x00007f864448a000,0x00007f864458b000)]
  0x00007f86500b3800 JavaThread "hilo n°71" [_thread_in_Java, id=1716, stack(0x00007f864458b000,0x00007f864468c000)]
  0x00007f86500b1800 JavaThread "hilo n°61" [_thread_in_Java, id=1715, stack(0x00007f864468c000,0x00007f864478d000)]
  0x00007f86500af800 JavaThread "hilo n°51" [_thread_in_Java, id=1714, stack(0x00007f864478d000,0x00007f864488e000)]
  0x00007f86500ae000 JavaThread "hilo n°41" [_thread_in_Java, id=1713, stack(0x00007f864488e000,0x00007f864498f000)]
  0x00007f86500ac800 JavaThread "hilo n°31" [_thread_in_Java, id=1711, stack(0x00007f864498f000,0x00007f8644a90000)]
  0x00007f86500aa800 JavaThread "hilo n°21" [_thread_in_Java, id=1710, stack(0x00007f8644a90000,0x00007f8644b91000)]
  0x00007f86500a9000 JavaThread "hilo n°11" [_thread_in_vm, id=1708, stack(0x00007f8644b91000,0x00007f8644c92000)]
  0x00007f86500a8000 JavaThread "hilo n°01" [_thread_in_vm, id=1707, stack(0x00007f8644c92000,0x00007f8644d93000)]
  0x00007f8650096000 JavaThread "Service Thread" daemon [_thread_blocked, id=1705, stack(0x00007f8644e94000,0x00007f8644f95000)]
  0x00007f8650093800 JavaThread "C2 CompilerThread1" daemon [_thread_blocked, id=1704, stack(0x00007f8644f95000,0x00007f8645096000)]
  0x00007f8650090800 JavaThread "C2 CompilerThread0" daemon [_thread_blocked, id=1703, stack(0x00007f8645096000,0x00007f8645197000)]
  0x00007f865008e800 JavaThread "Signal Dispatcher" daemon [_thread_blocked, id=1702, stack(0x00007f8645197000,0x00007f8645298000)]
  0x00007f865006f800 JavaThread "Finalizer" daemon [_thread_blocked, id=1646, stack(0x00007f864597b000,0x00007f8645a7c000)]
  0x00007f865006b800 JavaThread "Reference Handler" daemon [_thread_blocked, id=1639, stack(0x00007f8645a7c000,0x00007f8645b7d000)]
  0x00007f865000a000 JavaThread "main" [_thread_blocked, id=1629, stack(0x00007f8655beb000,0x00007f8655cec000)]

Other Threads:
=>0x00007f8650069000 VMThread [stack: 0x00007f8645b7d000,0x00007f8645c7e000] [id=1638]
  0x00007f86500a0800 WatcherThread [stack: 0x00007f8644d93000,0x00007f8644e94000] [id=1706]

VM state:synchronizing (normal execution)

VM Mutex/Monitor currently owned by a thread:  ([mutex/lock_event])
[0x00007f8650006020] Safepoint_lock - owner thread: 0x00007f8650069000
[0x00007f86500060a0] Threads_lock - owner thread: 0x00007f8650069000
[0x00007f86500065a0] Heap_lock - owner thread: 0x00007f865000a000

Heap
 PSYoungGen      total 18944K, used 16384K [0x00000000eb600000, 0x00000000ecb00000, 0x0000000100000000)
  eden space 16384K, 100% used [0x00000000eb600000,0x00000000ec600000,0x00000000ec600000)
  from space 2560K, 0% used [0x00000000ec880000,0x00000000ec880000,0x00000000ecb00000)
  to   space 2560K, 0% used [0x00000000ec600000,0x00000000ec600000,0x00000000ec880000)
 ParOldGen       total 144384K, used 136718K [0x00000000c2200000, 0x00000000caf00000, 0x00000000eb600000)
  object space 144384K, 94% used [0x00000000c2200000,0x00000000ca783bb0,0x00000000caf00000)
 PSPermGen       total 21504K, used 2388K [0x00000000bd000000, 0x00000000be500000, 0x00000000c2200000)
  object space 21504K, 11% used [0x00000000bd000000,0x00000000bd255358,0x00000000be500000)

Card table byte_map: [0x00007f865487a000,0x00007f8654a93000] byte_map_base: 0x00007f8654292000

Polling page: 0x00007f8657a63000

Code Cache  [0x00007f864d000000, 0x00007f864d270000, 0x00007f8650000000)
 total_blobs=241 nmethods=64 adapters=132 free_code_cache=48638Kb largest_free_block=49781184

Compilation events (10 events):
Event: 1.949 Thread 0x00007f8650093800 nmethod 61 0x00007f864d07b4d0 code [0x00007f864d07b620, 0x00007f864d07b8f8]
Event: 1.949 Thread 0x00007f8650093800   62             java.lang.String::<init> (15 bytes)
Event: 1.950 Thread 0x00007f8650093800 nmethod 62 0x00007f864d068150 code [0x00007f864d068280, 0x00007f864d0682f8]
Event: 1.950 Thread 0x00007f8650093800   63             java.lang.StringBuilder::<init> (18 bytes)
Event: 1.979 Thread 0x00007f8650093800 nmethod 63 0x00007f864d07ab10 code [0x00007f864d07ac80, 0x00007f864d07b118]
Event: 1.979 Thread 0x00007f8650093800   64             java.lang.String::valueOf (5 bytes)
Event: 2.007 Thread 0x00007f8650093800 nmethod 64 0x00007f864d07a4d0 code [0x00007f864d07a640, 0x00007f864d07a938]
Event: 2.007 Thread 0x00007f8650093800   65             java.lang.Integer::toString (48 bytes)
Event: 2.035 Thread 0x00007f8650093800 nmethod 65 0x00007f864d0790d0 code [0x00007f864d079240, 0x00007f864d079538]
Event: 2.035 Thread 0x00007f8650093800   66   !         java.io.PrintStream::println (24 bytes)

GC Heap History (0 events):
No events

Deoptimization events (0 events):
No events

Internal exceptions (3 events):
Event: 0.111 Thread 0x00007f865000a000 Threw 0x00000000eb6102d8 at /HUDSON/workspace/jdk7u40-2-build-linux-amd64-product/jdk7u40/hotspot/src/share/vm/prims/jni.cpp:3991
Event: 0.210 Thread 0x00007f865000a000 Threw 0x00000000eb646808 at /HUDSON/workspace/jdk7u40-2-build-linux-amd64-product/jdk7u40/hotspot/src/share/vm/prims/jvm.cpp:1244
Event: 0.309 Thread 0x00007f865000a000 Threw 0x00000000eb64d2e8 at /HUDSON/workspace/jdk7u40-2-build-linux-amd64-product/jdk7u40/hotspot/src/share/vm/prims/jvm.cpp:1244

Events (10 events):
Event: 0.436 Thread 0x00007f86500a9000 Thread added: 0x00007f86500a9000
Event: 0.448 Thread 0x00007f86500aa800 Thread added: 0x00007f86500aa800
Event: 0.453 Thread 0x00007f86500ac800 Thread added: 0x00007f86500ac800
Event: 0.468 Thread 0x00007f86500ae000 Thread added: 0x00007f86500ae000
Event: 0.469 Thread 0x00007f86500af800 Thread added: 0x00007f86500af800
Event: 0.484 Thread 0x00007f86500b1800 Thread added: 0x00007f86500b1800
Event: 0.484 Thread 0x00007f86500b3800 Thread added: 0x00007f86500b3800
Event: 0.504 Thread 0x00007f86500b5800 Thread added: 0x00007f86500b5800
Event: 0.520 Thread 0x00007f86500b7800 Thread added: 0x00007f86500b7800
Event: 2.081 Executing VM operation: ParallelGCFailedAllocation


Dynamic libraries:
00400000-00401000 r-xp 00000000 08:01 17710584                           /usr/lib/jvm/java-7-oracle/bin/java
00600000-00601000 rw-p 00000000 08:01 17710584                           /usr/lib/jvm/java-7-oracle/bin/java
0113f000-01160000 rw-p 00000000 00:00 0                                  [heap]
bd000000-be500000 rw-p 00000000 00:00 0 
be500000-c2200000 rw-p 00000000 00:00 0 
c2200000-caf00000 rw-p 00000000 00:00 0 
caf00000-eb600000 rw-p 00000000 00:00 0 
eb600000-ecb00000 rw-p 00000000 00:00 0 
ecb00000-100000000 rw-p 00000000 00:00 0 
7f85e8000000-7f85e8021000 rw-p 00000000 00:00 0 
7f85e8021000-7f85ec000000 ---p 00000000 00:00 0 
7f85ec000000-7f85ec021000 rw-p 00000000 00:00 0 
7f85ec021000-7f85f0000000 ---p 00000000 00:00 0 
7f85f0000000-7f85f0021000 rw-p 00000000 00:00 0 
7f85f0021000-7f85f4000000 ---p 00000000 00:00 0 
7f85f4000000-7f85f4021000 rw-p 00000000 00:00 0 
7f85f4021000-7f85f8000000 ---p 00000000 00:00 0 
7f85f8000000-7f85f8021000 rw-p 00000000 00:00 0 
7f85f8021000-7f85fc000000 ---p 00000000 00:00 0 
7f85fc000000-7f85fc021000 rw-p 00000000 00:00 0 
7f85fc021000-7f8600000000 ---p 00000000 00:00 0 
7f8600000000-7f8600021000 rw-p 00000000 00:00 0 
7f8600021000-7f8604000000 ---p 00000000 00:00 0 
7f8604000000-7f8604021000 rw-p 00000000 00:00 0 
7f8604021000-7f8608000000 ---p 00000000 00:00 0 
7f8608000000-7f8608021000 rw-p 00000000 00:00 0 
7f8608021000-7f860c000000 ---p 00000000 00:00 0 
7f860c000000-7f860c021000 rw-p 00000000 00:00 0 
7f860c021000-7f8610000000 ---p 00000000 00:00 0 
7f8610000000-7f8610021000 rw-p 00000000 00:00 0 
7f8610021000-7f8614000000 ---p 00000000 00:00 0 
7f8614000000-7f8614021000 rw-p 00000000 00:00 0 
7f8614021000-7f8618000000 ---p 00000000 00:00 0 
7f8618000000-7f8618420000 rw-p 00000000 00:00 0 
7f8618420000-7f861c000000 ---p 00000000 00:00 0 
7f861c000000-7f861c194000 rw-p 00000000 00:00 0 
7f861c194000-7f8620000000 ---p 00000000 00:00 0 
7f8620000000-7f8620021000 rw-p 00000000 00:00 0 
7f8620021000-7f8624000000 ---p 00000000 00:00 0 
7f8624000000-7f8624021000 rw-p 00000000 00:00 0 
7f8624021000-7f8628000000 ---p 00000000 00:00 0 
7f8628000000-7f8628021000 rw-p 00000000 00:00 0 
7f8628021000-7f862c000000 ---p 00000000 00:00 0 
7f862c000000-7f862c021000 rw-p 00000000 00:00 0 
7f862c021000-7f8630000000 ---p 00000000 00:00 0 
7f8630000000-7f8630021000 rw-p 00000000 00:00 0 
7f8630021000-7f8634000000 ---p 00000000 00:00 0 
7f8638000000-7f8638021000 rw-p 00000000 00:00 0 
7f8638021000-7f863c000000 ---p 00000000 00:00 0 
7f8640000000-7f8640021000 rw-p 00000000 00:00 0 
7f8640021000-7f8644000000 ---p 00000000 00:00 0 
7f8644144000-7f8644389000 rw-p 00000000 00:00 0 
7f8644389000-7f864438c000 ---p 00000000 00:00 0 
7f864438c000-7f864448a000 rw-p 00000000 00:00 0 
7f864448a000-7f864448d000 ---p 00000000 00:00 0 
7f864448d000-7f864458b000 rw-p 00000000 00:00 0 
7f864458b000-7f864458e000 ---p 00000000 00:00 0 
7f864458e000-7f864468c000 rw-p 00000000 00:00 0 
7f864468c000-7f864468f000 ---p 00000000 00:00 0 
7f864468f000-7f864478d000 rw-p 00000000 00:00 0 
7f864478d000-7f8644790000 ---p 00000000 00:00 0 
7f8644790000-7f864488e000 rw-p 00000000 00:00 0 
7f864488e000-7f8644891000 ---p 00000000 00:00 0 
7f8644891000-7f864498f000 rw-p 00000000 00:00 0 
7f864498f000-7f8644992000 ---p 00000000 00:00 0 
7f8644992000-7f8644a90000 rw-p 00000000 00:00 0 
7f8644a90000-7f8644a93000 ---p 00000000 00:00 0 
7f8644a93000-7f8644b91000 rw-p 00000000 00:00 0 
7f8644b91000-7f8644b94000 ---p 00000000 00:00 0 
7f8644b94000-7f8644c92000 rw-p 00000000 00:00 0 
7f8644c92000-7f8644c95000 ---p 00000000 00:00 0 
7f8644c95000-7f8644d93000 rw-p 00000000 00:00 0 
7f8644d93000-7f8644d94000 ---p 00000000 00:00 0 
7f8644d94000-7f8644e94000 rw-p 00000000 00:00 0 
7f8644e94000-7f8644e97000 ---p 00000000 00:00 0 
7f8644e97000-7f8644f95000 rw-p 00000000 00:00 0 
7f8644f95000-7f8644f98000 ---p 00000000 00:00 0 
7f8644f98000-7f8645096000 rw-p 00000000 00:00 0 
7f8645096000-7f8645099000 ---p 00000000 00:00 0 
7f8645099000-7f8645197000 rw-p 00000000 00:00 0 
7f8645197000-7f864519a000 ---p 00000000 00:00 0 
7f864519a000-7f8645298000 rw-p 00000000 00:00 0 
7f8645298000-7f864597b000 r--p 00000000 08:01 10230728                   /usr/lib/locale/locale-archive
7f864597b000-7f864597e000 ---p 00000000 00:00 0 
7f864597e000-7f8645a7c000 rw-p 00000000 00:00 0 
7f8645a7c000-7f8645a7f000 ---p 00000000 00:00 0 
7f8645a7f000-7f8645b7d000 rw-p 00000000 00:00 0 
7f8645b7d000-7f8645b7e000 ---p 00000000 00:00 0 
7f8645b7e000-7f8648000000 rw-p 00000000 00:00 0 
7f8648000000-7f8648021000 rw-p 00000000 00:00 0 
7f8648021000-7f864c000000 ---p 00000000 00:00 0 
7f864c046000-7f864ce43000 rw-p 00000000 00:00 0 
7f864ce43000-7f864d000000 r--s 039d3000 08:01 17843503                   /usr/lib/jvm/java-7-oracle/jre/lib/rt.jar
7f864d000000-7f864d270000 rwxp 00000000 00:00 0 
7f864d270000-7f86500bd000 rw-p 00000000 00:00 0 
7f86500bd000-7f8654000000 ---p 00000000 00:00 0 
7f8654043000-7f865432c000 rw-p 00000000 00:00 0 
7f865432c000-7f865432d000 ---p 00000000 00:00 0 
7f865432d000-7f865442d000 rw-p 00000000 00:00 0 
7f865442d000-7f865442e000 ---p 00000000 00:00 0 
7f865442e000-7f865452e000 rw-p 00000000 00:00 0 
7f865452e000-7f865452f000 ---p 00000000 00:00 0 
7f865452f000-7f865462f000 rw-p 00000000 00:00 0 
7f865462f000-7f8654630000 ---p 00000000 00:00 0 
7f8654630000-7f8654777000 rw-p 00000000 00:00 0 
7f8654777000-7f865487a000 rw-p 00000000 00:00 0 
7f865487a000-7f8654885000 rw-p 00000000 00:00 0 
7f8654885000-7f86548a3000 rw-p 00000000 00:00 0 
7f86548a3000-7f86548ea000 rw-p 00000000 00:00 0 
7f86548ea000-7f86549ed000 rw-p 00000000 00:00 0 
7f86549ed000-7f86549f8000 rw-p 00000000 00:00 0 
7f86549f8000-7f8654a92000 rw-p 00000000 00:00 0 
7f8654a92000-7f8654a9d000 rw-p 00000000 00:00 0 
7f8654a9d000-7f8654b53000 rw-p 00000000 00:00 0 
7f8654b53000-7f8654b6d000 r-xp 00000000 08:01 17843438                   /usr/lib/jvm/java-7-oracle/jre/lib/amd64/libzip.so
7f8654b6d000-7f8654d6d000 ---p 0001a000 08:01 17843438                   /usr/lib/jvm/java-7-oracle/jre/lib/amd64/libzip.so
7f8654d6d000-7f8654d6e000 rw-p 0001a000 08:01 17843438                   /usr/lib/jvm/java-7-oracle/jre/lib/amd64/libzip.so
7f8654d6e000-7f8654d7a000 r-xp 00000000 08:01 815802                     /lib/x86_64-linux-gnu/libnss_files-2.15.so
7f8654d7a000-7f8654f79000 ---p 0000c000 08:01 815802                     /lib/x86_64-linux-gnu/libnss_files-2.15.so
7f8654f79000-7f8654f7a000 r--p 0000b000 08:01 815802                     /lib/x86_64-linux-gnu/libnss_files-2.15.so
7f8654f7a000-7f8654f7b000 rw-p 0000c000 08:01 815802                     /lib/x86_64-linux-gnu/libnss_files-2.15.so
7f8654f7b000-7f8654f85000 r-xp 00000000 08:01 815768                     /lib/x86_64-linux-gnu/libnss_nis-2.15.so
7f8654f85000-7f8655185000 ---p 0000a000 08:01 815768                     /lib/x86_64-linux-gnu/libnss_nis-2.15.so
7f8655185000-7f8655186000 r--p 0000a000 08:01 815768                     /lib/x86_64-linux-gnu/libnss_nis-2.15.so
7f8655186000-7f8655187000 rw-p 0000b000 08:01 815768                     /lib/x86_64-linux-gnu/libnss_nis-2.15.so
7f8655187000-7f865519e000 r-xp 00000000 08:01 817035                     /lib/x86_64-linux-gnu/libnsl-2.15.so
7f865519e000-7f865539d000 ---p 00017000 08:01 817035                     /lib/x86_64-linux-gnu/libnsl-2.15.so
7f865539d000-7f865539e000 r--p 00016000 08:01 817035                     /lib/x86_64-linux-gnu/libnsl-2.15.so
7f865539e000-7f865539f000 rw-p 00017000 08:01 817035                     /lib/x86_64-linux-gnu/libnsl-2.15.so
7f865539f000-7f86553a1000 rw-p 00000000 00:00 0 
7f86553a1000-7f86553a9000 r-xp 00000000 08:01 815803                     /lib/x86_64-linux-gnu/libnss_compat-2.15.so
7f86553a9000-7f86555a8000 ---p 00008000 08:01 815803                     /lib/x86_64-linux-gnu/libnss_compat-2.15.so
7f86555a8000-7f86555a9000 r--p 00007000 08:01 815803                     /lib/x86_64-linux-gnu/libnss_compat-2.15.so
7f86555a9000-7f86555aa000 rw-p 00008000 08:01 815803                     /lib/x86_64-linux-gnu/libnss_compat-2.15.so
7f86555aa000-7f86555d3000 r-xp 00000000 08:01 17843411                   /usr/lib/jvm/java-7-oracle/jre/lib/amd64/libjava.so
7f86555d3000-7f86557d3000 ---p 00029000 08:01 17843411                   /usr/lib/jvm/java-7-oracle/jre/lib/amd64/libjava.so
7f86557d3000-7f86557d5000 rw-p 00029000 08:01 17843411                   /usr/lib/jvm/java-7-oracle/jre/lib/amd64/libjava.so
7f86557d5000-7f86557e2000 r-xp 00000000 08:01 17843458                   /usr/lib/jvm/java-7-oracle/jre/lib/amd64/libverify.so
7f86557e2000-7f86559e1000 ---p 0000d000 08:01 17843458                   /usr/lib/jvm/java-7-oracle/jre/lib/amd64/libverify.so
7f86559e1000-7f86559e3000 rw-p 0000c000 08:01 17843458                   /usr/lib/jvm/java-7-oracle/jre/lib/amd64/libverify.so
7f86559e3000-7f86559ea000 r-xp 00000000 08:01 811176                     /lib/x86_64-linux-gnu/librt-2.15.so
7f86559ea000-7f8655be9000 ---p 00007000 08:01 811176                     /lib/x86_64-linux-gnu/librt-2.15.so
7f8655be9000-7f8655bea000 r--p 00006000 08:01 811176                     /lib/x86_64-linux-gnu/librt-2.15.so
7f8655bea000-7f8655beb000 rw-p 00007000 08:01 811176                     /lib/x86_64-linux-gnu/librt-2.15.so
7f8655beb000-7f8655bee000 ---p 00000000 00:00 0 
7f8655bee000-7f8655cec000 rw-p 00000000 00:00 0 
7f8655cec000-7f8655de7000 r-xp 00000000 08:01 815773                     /lib/x86_64-linux-gnu/libm-2.15.so
7f8655de7000-7f8655fe6000 ---p 000fb000 08:01 815773                     /lib/x86_64-linux-gnu/libm-2.15.so
7f8655fe6000-7f8655fe7000 r--p 000fa000 08:01 815773                     /lib/x86_64-linux-gnu/libm-2.15.so
7f8655fe7000-7f8655fe8000 rw-p 000fb000 08:01 815773                     /lib/x86_64-linux-gnu/libm-2.15.so
7f8655fe8000-7f8656b4a000 r-xp 00000000 08:01 17843426                   /usr/lib/jvm/java-7-oracle/jre/lib/amd64/server/libjvm.so
7f8656b4a000-7f8656d4a000 ---p 00b62000 08:01 17843426                   /usr/lib/jvm/java-7-oracle/jre/lib/amd64/server/libjvm.so
7f8656d4a000-7f8656e0d000 rw-p 00b62000 08:01 17843426                   /usr/lib/jvm/java-7-oracle/jre/lib/amd64/server/libjvm.so
7f8656e0d000-7f8656e4e000 rw-p 00000000 00:00 0 
7f8656e4e000-7f8657003000 r-xp 00000000 08:01 810454                     /lib/x86_64-linux-gnu/libc-2.15.so
7f8657003000-7f8657202000 ---p 001b5000 08:01 810454                     /lib/x86_64-linux-gnu/libc-2.15.so
7f8657202000-7f8657206000 r--p 001b4000 08:01 810454                     /lib/x86_64-linux-gnu/libc-2.15.so
7f8657206000-7f8657208000 rw-p 001b8000 08:01 810454                     /lib/x86_64-linux-gnu/libc-2.15.so
7f8657208000-7f865720d000 rw-p 00000000 00:00 0 
7f865720d000-7f865720f000 r-xp 00000000 08:01 786704                     /lib/x86_64-linux-gnu/libdl-2.15.so
7f865720f000-7f865740f000 ---p 00002000 08:01 786704                     /lib/x86_64-linux-gnu/libdl-2.15.so
7f865740f000-7f8657410000 r--p 00002000 08:01 786704                     /lib/x86_64-linux-gnu/libdl-2.15.so
7f8657410000-7f8657411000 rw-p 00003000 08:01 786704                     /lib/x86_64-linux-gnu/libdl-2.15.so
7f8657411000-7f8657427000 r-xp 00000000 08:01 17843453                   /usr/lib/jvm/java-7-oracle/jre/lib/amd64/jli/libjli.so
7f8657427000-7f8657627000 ---p 00016000 08:01 17843453                   /usr/lib/jvm/java-7-oracle/jre/lib/amd64/jli/libjli.so
7f8657627000-7f8657628000 rw-p 00016000 08:01 17843453                   /usr/lib/jvm/java-7-oracle/jre/lib/amd64/jli/libjli.so
7f8657628000-7f8657640000 r-xp 00000000 08:01 811052                     /lib/x86_64-linux-gnu/libpthread-2.15.so
7f8657640000-7f865783f000 ---p 00018000 08:01 811052                     /lib/x86_64-linux-gnu/libpthread-2.15.so
7f865783f000-7f8657840000 r--p 00017000 08:01 811052                     /lib/x86_64-linux-gnu/libpthread-2.15.so
7f8657840000-7f8657841000 rw-p 00018000 08:01 811052                     /lib/x86_64-linux-gnu/libpthread-2.15.so
7f8657841000-7f8657845000 rw-p 00000000 00:00 0 
7f8657845000-7f8657867000 r-xp 00000000 08:01 816416                     /lib/x86_64-linux-gnu/ld-2.15.so
7f8657885000-7f86578cd000 rw-p 00000000 00:00 0 
7f86578cd000-7f86578eb000 rw-p 00000000 00:00 0 
7f86578eb000-7f86578ee000 rw-p 00000000 00:00 0 
7f86578ee000-7f8657932000 r-xp 00000000 08:01 11830736                   /opt/eset/esets/lib/libesets_pac.so
7f8657932000-7f8657a31000 ---p 00044000 08:01 11830736                   /opt/eset/esets/lib/libesets_pac.so
7f8657a31000-7f8657a34000 rw-p 00043000 08:01 11830736                   /opt/eset/esets/lib/libesets_pac.so
7f8657a34000-7f8657a47000 rw-p 00000000 00:00 0 
7f8657a59000-7f8657a5a000 rw-p 00000000 00:00 0 
7f8657a5a000-7f8657a62000 rw-s 00000000 08:01 19934759                   /tmp/hsperfdata_dev/1626
7f8657a62000-7f8657a63000 rw-p 00000000 00:00 0 
7f8657a63000-7f8657a64000 ---p 00000000 00:00 0 
7f8657a64000-7f8657a67000 rw-p 00000000 00:00 0 
7f8657a67000-7f8657a68000 r--p 00022000 08:01 816416                     /lib/x86_64-linux-gnu/ld-2.15.so
7f8657a68000-7f8657a6a000 rw-p 00023000 08:01 816416                     /lib/x86_64-linux-gnu/ld-2.15.so
7fff9bafd000-7fff9bb1e000 rw-p 00000000 00:00 0                          [stack]
7fff9bbff000-7fff9bc00000 r-xp 00000000 00:00 0                          [vdso]
ffffffffff600000-ffffffffff601000 r-xp 00000000 00:00 0                  [vsyscall]

VM Arguments:
jvm_args: -Dfile.encoding=UTF-8 
java_command: Criba
Launcher Type: SUN_STANDARD

Environment Variables:
PATH=/usr/lib/lightdm/lightdm:/usr/local/sbin:/usr/local/bin:/usr/sbin:/usr/bin:/sbin:/bin:/usr/games
SHELL=/bin/bash
DISPLAY=:0.0

Signal Handlers:
SIGSEGV: [libjvm.so+0x992d50], sa_mask[0]=0x7ffbfeff, sa_flags=0x10000004
SIGBUS: [libjvm.so+0x992d50], sa_mask[0]=0x7ffbfeff, sa_flags=0x10000004
SIGFPE: [libjvm.so+0x80fb00], sa_mask[0]=0x7ffbfeff, sa_flags=0x10000004
SIGPIPE: [libjvm.so+0x80fb00], sa_mask[0]=0x7ffbfeff, sa_flags=0x10000004
SIGXFSZ: [libjvm.so+0x80fb00], sa_mask[0]=0x7ffbfeff, sa_flags=0x10000004
SIGILL: [libjvm.so+0x80fb00], sa_mask[0]=0x7ffbfeff, sa_flags=0x10000004
SIGUSR1: SIG_DFL, sa_mask[0]=0x00000000, sa_flags=0x00000000
SIGUSR2: [libjvm.so+0x810ff0], sa_mask[0]=0x00000004, sa_flags=0x10000004
SIGHUP: [libjvm.so+0x811f60], sa_mask[0]=0x7ffbfeff, sa_flags=0x10000004
SIGINT: [libjvm.so+0x811f60], sa_mask[0]=0x7ffbfeff, sa_flags=0x10000004
SIGTERM: [libjvm.so+0x811f60], sa_mask[0]=0x7ffbfeff, sa_flags=0x10000004
SIGQUIT: [libjvm.so+0x811f60], sa_mask[0]=0x7ffbfeff, sa_flags=0x10000004


---------------  S Y S T E M  ---------------

OS:wheezy/sid

uname:Linux 3.2.0-23-generic #36-Ubuntu SMP Tue Apr 10 20:39:51 UTC 2012 x86_64
libc:glibc 2.15 NPTL 2.15 
rlimit: STACK 8192k, CORE 0k, NPROC 30983, NOFILE 4096, AS infinity
load average:11.44 16.93 19.88

/proc/meminfo:
MemTotal:        4049456 kB
MemFree:         1098608 kB
Buffers:           76928 kB
Cached:           669316 kB
SwapCached:        69420 kB
Active:          1742328 kB
Inactive:         894008 kB
Active(anon):    1315024 kB
Inactive(anon):   598540 kB
Active(file):     427304 kB
Inactive(file):   295468 kB
Unevictable:           0 kB
Mlocked:               0 kB
SwapTotal:       3905532 kB
SwapFree:        3501756 kB
Dirty:              1216 kB
Writeback:             0 kB
AnonPages:       1833864 kB
Mapped:           143508 kB
Shmem:             23472 kB
Slab:             164656 kB
SReclaimable:     128160 kB
SUnreclaim:        36496 kB
KernelStack:        4416 kB
PageTables:        46508 kB
NFS_Unstable:          0 kB
Bounce:                0 kB
WritebackTmp:          0 kB
CommitLimit:     5930260 kB
Committed_AS:    5750252 kB
VmallocTotal:   34359738367 kB
VmallocUsed:      328580 kB
VmallocChunk:   34359406972 kB
HardwareCorrupted:     0 kB
AnonHugePages:         0 kB
HugePages_Total:       0
HugePages_Free:        0
HugePages_Rsvd:        0
HugePages_Surp:        0
Hugepagesize:       2048 kB
DirectMap4k:       69184 kB
DirectMap2M:     3076096 kB
DirectMap1G:     1048576 kB


CPU:total 4 (4 cores per cpu, 1 threads per core) family 16 model 5 stepping 3, cmov, cx8, fxsr, mmx, sse, sse2, sse3, popcnt, mmxext, 3dnowpref, lzcnt, sse4a, tsc, tscinvbit, tscinv

/proc/cpuinfo:
processor	: 0
vendor_id	: AuthenticAMD
cpu family	: 16
model		: 5
model name	: AMD Phenom(tm) II X4 850 Processor
stepping	: 3
microcode	: 0x10000c8
cpu MHz		: 3300.000
cache size	: 512 KB
physical id	: 0
siblings	: 4
core id		: 0
cpu cores	: 4
apicid		: 0
initial apicid	: 0
fpu		: yes
fpu_exception	: yes
cpuid level	: 5
wp		: yes
flags		: fpu vme de pse tsc msr pae mce cx8 apic sep mtrr pge mca cmov pat pse36 clflush mmx fxsr sse sse2 ht syscall nx mmxext fxsr_opt pdpe1gb rdtscp lm 3dnowext 3dnow constant_tsc rep_good nopl nonstop_tsc extd_apicid pni monitor cx16 popcnt lahf_lm cmp_legacy svm extapic cr8_legacy abm sse4a misalignsse 3dnowprefetch osvw ibs skinit wdt npt lbrv svm_lock nrip_save
bogomips	: 6600.24
TLB size	: 1024 4K pages
clflush size	: 64
cache_alignment	: 64
address sizes	: 48 bits physical, 48 bits virtual
power management: ts ttp tm stc 100mhzsteps hwpstate

processor	: 1
vendor_id	: AuthenticAMD
cpu family	: 16
model		: 5
model name	: AMD Phenom(tm) II X4 850 Processor
stepping	: 3
microcode	: 0x10000c8
cpu MHz		: 3300.000
cache size	: 512 KB
physical id	: 0
siblings	: 4
core id		: 1
cpu cores	: 4
apicid		: 1
initial apicid	: 1
fpu		: yes
fpu_exception	: yes
cpuid level	: 5
wp		: yes
flags		: fpu vme de pse tsc msr pae mce cx8 apic sep mtrr pge mca cmov pat pse36 clflush mmx fxsr sse sse2 ht syscall nx mmxext fxsr_opt pdpe1gb rdtscp lm 3dnowext 3dnow constant_tsc rep_good nopl nonstop_tsc extd_apicid pni monitor cx16 popcnt lahf_lm cmp_legacy svm extapic cr8_legacy abm sse4a misalignsse 3dnowprefetch osvw ibs skinit wdt npt lbrv svm_lock nrip_save
bogomips	: 6600.27
TLB size	: 1024 4K pages
clflush size	: 64
cache_alignment	: 64
address sizes	: 48 bits physical, 48 bits virtual
power management: ts ttp tm stc 100mhzsteps hwpstate

processor	: 2
vendor_id	: AuthenticAMD
cpu family	: 16
model		: 5
model name	: AMD Phenom(tm) II X4 850 Processor
stepping	: 3
microcode	: 0x10000c8
cpu MHz		: 3300.000
cache size	: 512 KB
physical id	: 0
siblings	: 4
core id		: 2
cpu cores	: 4
apicid		: 2
initial apicid	: 2
fpu		: yes
fpu_exception	: yes
cpuid level	: 5
wp		: yes
flags		: fpu vme de pse tsc msr pae mce cx8 apic sep mtrr pge mca cmov pat pse36 clflush mmx fxsr sse sse2 ht syscall nx mmxext fxsr_opt pdpe1gb rdtscp lm 3dnowext 3dnow constant_tsc rep_good nopl nonstop_tsc extd_apicid pni monitor cx16 popcnt lahf_lm cmp_legacy svm extapic cr8_legacy abm sse4a misalignsse 3dnowprefetch osvw ibs skinit wdt npt lbrv svm_lock nrip_save
bogomips	: 6600.26
TLB size	: 1024 4K pages
clflush size	: 64
cache_alignment	: 64
address sizes	: 48 bits physical, 48 bits virtual
power management: ts ttp tm stc 100mhzsteps hwpstate

processor	: 3
vendor_id	: AuthenticAMD
cpu family	: 16
model		: 5
model name	: AMD Phenom(tm) II X4 850 Processor
stepping	: 3
microcode	: 0x10000c8
cpu MHz		: 3300.000
cache size	: 512 KB
physical id	: 0
siblings	: 4
core id		: 3
cpu cores	: 4
apicid		: 3
initial apicid	: 3
fpu		: yes
fpu_exception	: yes
cpuid level	: 5
wp		: yes
flags		: fpu vme de pse tsc msr pae mce cx8 apic sep mtrr pge mca cmov pat pse36 clflush mmx fxsr sse sse2 ht syscall nx mmxext fxsr_opt pdpe1gb rdtscp lm 3dnowext 3dnow constant_tsc rep_good nopl nonstop_tsc extd_apicid pni monitor cx16 popcnt lahf_lm cmp_legacy svm extapic cr8_legacy abm sse4a misalignsse 3dnowprefetch osvw ibs skinit wdt npt lbrv svm_lock nrip_save
bogomips	: 6600.25
TLB size	: 1024 4K pages
clflush size	: 64
cache_alignment	: 64
address sizes	: 48 bits physical, 48 bits virtual
power management: ts ttp tm stc 100mhzsteps hwpstate



Memory: 4k page, physical 4049456k(1098608k free), swap 3905532k(3501756k free)

vm_info: Java HotSpot(TM) 64-Bit Server VM (24.0-b56) for linux-amd64 JRE (1.7.0_40-b43), built on Aug 26 2013 23:53:33 by "java_re" with gcc 4.3.0 20080428 (Red Hat 4.3.0-8)

time: Wed Oct 16 14:36:27 2013
elapsed time: 11850 seconds

